c:\users\span111\desktop\uconnect\src\ucm_4.2_26jul2012\cm_server\release\cm_server.pdb
c:\users\span111\desktop\uconnect\src\ucm_4.2_26jul2012\cm_server\release\threeg_nm.obj
c:\users\span111\desktop\uconnect\src\ucm_4.2_26jul2012\cm_server\release\networkmanager.obj
c:\users\span111\desktop\uconnect\src\ucm_4.2_26jul2012\cm_server\release\lte_nm.obj
c:\users\span111\desktop\uconnect\src\ucm_4.2_26jul2012\cm_server\release\ether_nm.obj
c:\users\span111\desktop\uconnect\src\ucm_4.2_26jul2012\cm_server\release\uthreegsimulator.obj
c:\users\span111\desktop\uconnect\src\ucm_4.2_26jul2012\cm_server\release\uemulator.obj
c:\users\span111\desktop\uconnect\src\ucm_4.2_26jul2012\cm_server\release\uemulateserialport.obj
c:\users\span111\desktop\uconnect\src\ucm_4.2_26jul2012\cm_server\release\uhuawei4gparser.obj
c:\users\span111\desktop\uconnect\src\ucm_4.2_26jul2012\cm_server\release\uconn_huawei_dal.obj
c:\users\span111\desktop\uconnect\src\ucm_4.2_26jul2012\cm_server\release\uconn_broadcom_dal.obj
c:\users\span111\desktop\uconnect\src\ucm_4.2_26jul2012\cm_server\release\uconn_at_dal.obj
c:\users\span111\desktop\uconnect\src\ucm_4.2_26jul2012\cm_server\release\uconn_athandler.obj
c:\users\span111\desktop\uconnect\src\ucm_4.2_26jul2012\cm_server\release\uconn_altair_dal.obj
c:\users\span111\desktop\uconnect\src\ucm_4.2_26jul2012\cm_server\release\ubufferparser.obj
c:\users\span111\desktop\uconnect\src\ucm_4.2_26jul2012\cm_server\release\ubroadcomparser.obj
c:\users\span111\desktop\uconnect\src\ucm_4.2_26jul2012\cm_server\release\ualtairparser.obj
c:\users\span111\desktop\uconnect\src\ucm_4.2_26jul2012\cm_server\release\three_g_dal.obj
c:\users\span111\desktop\uconnect\src\ucm_4.2_26jul2012\cm_server\release\threegparser.obj
c:\users\span111\desktop\uconnect\src\ucm_4.2_26jul2012\cm_server\release\ulog.obj
c:\users\span111\desktop\uconnect\src\ucm_4.2_26jul2012\cm_server\release\ucommonutils.obj
c:\users\span111\desktop\uconnect\src\ucm_4.2_26jul2012\cm_server\release\xmlparser.obj
c:\users\span111\desktop\uconnect\src\ucm_4.2_26jul2012\cm_server\release\ustatemachine.obj
c:\users\span111\desktop\uconnect\src\ucm_4.2_26jul2012\cm_server\release\uconn_statemachine.obj
c:\users\span111\desktop\uconnect\src\ucm_4.2_26jul2012\cm_server\release\uconn_serverapi.obj
c:\users\span111\desktop\uconnect\src\ucm_4.2_26jul2012\cm_server\release\uconn_server.obj
c:\users\span111\desktop\uconnect\src\ucm_4.2_26jul2012\cm_server\release\uconn_searchingstate.obj
c:\users\span111\desktop\uconnect\src\ucm_4.2_26jul2012\cm_server\release\uconn_idlestate.obj
c:\users\span111\desktop\uconnect\src\ucm_4.2_26jul2012\cm_server\release\uconn_enabledstate.obj
c:\users\span111\desktop\uconnect\src\ucm_4.2_26jul2012\cm_server\release\uconn_disconnectingstate.obj
c:\users\span111\desktop\uconnect\src\ucm_4.2_26jul2012\cm_server\release\uconn_disabledstate.obj
c:\users\span111\desktop\uconnect\src\ucm_4.2_26jul2012\cm_server\release\uconn_connectingstate.obj
c:\users\span111\desktop\uconnect\src\ucm_4.2_26jul2012\cm_server\release\uconn_connectedstate.obj
c:\users\span111\desktop\uconnect\src\ucm_4.2_26jul2012\cm_server\release\ucommonfunctions.obj
c:\users\span111\desktop\uconnect\src\ucm_4.2_26jul2012\cm_server\release\bearermanager.obj
c:\users\span111\desktop\uconnect\src\ucm_4.2_26jul2012\cm_server\release\uwlanutils.obj
c:\users\span111\desktop\uconnect\src\ucm_4.2_26jul2012\cm_server\release\uwlanhlpr.obj
c:\users\span111\desktop\uconnect\src\ucm_4.2_26jul2012\cm_server\release\usrportcommusage.obj
c:\users\span111\desktop\uconnect\src\ucm_4.2_26jul2012\cm_server\release\uconn_osal.obj
c:\users\span111\desktop\uconnect\src\ucm_4.2_26jul2012\cm_server\release\wifi_nm.obj
c:\users\span111\desktop\uconnect\src\ucm_4.2_26jul2012\cm_server\release\cm_server.lib
c:\users\span111\desktop\uconnect\src\ucm_4.2_26jul2012\cm_server\release\configfile.xml
c:\users\span111\desktop\uconnect\src\ucm_4.2_26jul2012\cm_server\release\cm_server.tlog\cl.command.1.tlog
c:\users\span111\desktop\uconnect\src\ucm_4.2_26jul2012\cm_server\release\cm_server.tlog\cl.read.1.tlog
c:\users\span111\desktop\uconnect\src\ucm_4.2_26jul2012\cm_server\release\cm_server.tlog\cl.write.1.tlog
c:\users\span111\desktop\uconnect\src\ucm_4.2_26jul2012\cm_server\release\cm_server.tlog\lib-link.read.1.tlog
c:\users\span111\desktop\uconnect\src\ucm_4.2_26jul2012\cm_server\release\cm_server.tlog\lib-link.write.1.tlog
c:\users\span111\desktop\uconnect\src\ucm_4.2_26jul2012\cm_server\release\cm_server.tlog\lib.command.1.tlog
